{"meta": {"format": 3, "version": "7.10.7", "timestamp": "2025-10-11T11:42:56.919579", "branch_coverage": false, "show_contexts": false}, "files": {"src\\__init__.py": {"executed_lines": [1, 3], "summary": {"covered_lines": 1, "num_statements": 1, "percent_covered": 100.0, "percent_covered_display": "100", "missing_lines": 0, "excluded_lines": 0}, "missing_lines": [], "excluded_lines": [], "functions": {"": {"executed_lines": [1, 3], "summary": {"covered_lines": 1, "num_statements": 1, "percent_covered": 100.0, "percent_covered_display": "100", "missing_lines": 0, "excluded_lines": 0}, "missing_lines": [], "excluded_lines": []}}, "classes": {"": {"executed_lines": [1, 3], "summary": {"covered_lines": 1, "num_statements": 1, "percent_covered": 100.0, "percent_covered_display": "100", "missing_lines": 0, "excluded_lines": 0}, "missing_lines": [], "excluded_lines": []}}}, "src\\bot.py": {"executed_lines": [], "summary": {"covered_lines": 0, "num_statements": 28, "percent_covered": 0.0, "percent_covered_display": "0", "missing_lines": 28, "excluded_lines": 0}, "missing_lines": [3, 5, 6, 8, 9, 11, 14, 17, 25, 26, 28, 29, 31, 33, 36, 40, 44, 50, 52, 54, 56, 57, 59, 60, 61, 62, 63, 65], "excluded_lines": [], "functions": {"TelegramBot.__init__": {"executed_lines": [], "summary": {"covered_lines": 0, "num_statements": 5, "percent_covered": 0.0, "percent_covered_display": "0", "missing_lines": 5, "excluded_lines": 0}, "missing_lines": [25, 26, 28, 29, 31], "excluded_lines": []}, "TelegramBot.register_handlers": {"executed_lines": [], "summary": {"covered_lines": 0, "num_statements": 5, "percent_covered": 0.0, "percent_covered_display": "0", "missing_lines": 5, "excluded_lines": 0}, "missing_lines": [36, 40, 44, 50, 52], "excluded_lines": []}, "TelegramBot.start": {"executed_lines": [], "summary": {"covered_lines": 0, "num_statements": 8, "percent_covered": 0.0, "percent_covered_display": "0", "missing_lines": 8, "excluded_lines": 0}, "missing_lines": [56, 57, 59, 60, 61, 62, 63, 65], "excluded_lines": []}, "": {"executed_lines": [], "summary": {"covered_lines": 0, "num_statements": 10, "percent_covered": 0.0, "percent_covered_display": "0", "missing_lines": 10, "excluded_lines": 0}, "missing_lines": [3, 5, 6, 8, 9, 11, 14, 17, 33, 54], "excluded_lines": []}}, "classes": {"TelegramBot": {"executed_lines": [], "summary": {"covered_lines": 0, "num_statements": 18, "percent_covered": 0.0, "percent_covered_display": "0", "missing_lines": 18, "excluded_lines": 0}, "missing_lines": [25, 26, 28, 29, 31, 36, 40, 44, 50, 52, 56, 57, 59, 60, 61, 62, 63, 65], "excluded_lines": []}, "": {"executed_lines": [], "summary": {"covered_lines": 0, "num_statements": 10, "percent_covered": 0.0, "percent_covered_display": "0", "missing_lines": 10, "excluded_lines": 0}, "missing_lines": [3, 5, 6, 8, 9, 11, 14, 17, 33, 54], "excluded_lines": []}}}, "src\\config.py": {"executed_lines": [1, 3, 4, 5, 7, 8, 10, 13, 16, 17, 20, 23, 24, 25, 29, 36, 42, 48, 53, 60, 66, 72, 79, 84, 90, 106, 114, 119, 127, 132, 134, 136, 137, 138, 140, 141, 143, 144, 147, 149, 151, 153, 154, 155, 157, 160], "summary": {"covered_lines": 44, "num_statements": 46, "percent_covered": 95.65217391304348, "percent_covered_display": "96", "missing_lines": 2, "excluded_lines": 0}, "missing_lines": [156, 158], "excluded_lines": [], "functions": {"Config.__init__": {"executed_lines": [132, 134, 136, 137, 138, 140, 141, 143, 144, 147, 149], "summary": {"covered_lines": 11, "num_statements": 11, "percent_covered": 100.0, "percent_covered_display": "100", "missing_lines": 0, "excluded_lines": 0}, "missing_lines": [], "excluded_lines": []}, "Config.validate_config": {"executed_lines": [153, 154, 155, 157, 160], "summary": {"covered_lines": 5, "num_statements": 7, "percent_covered": 71.42857142857143, "percent_covered_display": "71", "missing_lines": 2, "excluded_lines": 0}, "missing_lines": [156, 158], "excluded_lines": []}, "": {"executed_lines": [1, 3, 4, 5, 7, 8, 10, 13, 16, 17, 20, 23, 24, 25, 29, 36, 42, 48, 53, 60, 66, 72, 79, 84, 90, 106, 114, 119, 127, 151], "summary": {"covered_lines": 28, "num_statements": 28, "percent_covered": 100.0, "percent_covered_display": "100", "missing_lines": 0, "excluded_lines": 0}, "missing_lines": [], "excluded_lines": []}}, "classes": {"Config": {"executed_lines": [132, 134, 136, 137, 138, 140, 141, 143, 144, 147, 149, 153, 154, 155, 157, 160], "summary": {"covered_lines": 16, "num_statements": 18, "percent_covered": 88.88888888888889, "percent_covered_display": "89", "missing_lines": 2, "excluded_lines": 0}, "missing_lines": [156, 158], "excluded_lines": []}, "": {"executed_lines": [1, 3, 4, 5, 7, 8, 10, 13, 16, 17, 20, 23, 24, 25, 29, 36, 42, 48, 53, 60, 66, 72, 79, 84, 90, 106, 114, 119, 127, 151], "summary": {"covered_lines": 28, "num_statements": 28, "percent_covered": 100.0, "percent_covered_display": "100", "missing_lines": 0, "excluded_lines": 0}, "missing_lines": [], "excluded_lines": []}}}, "src\\context_manager.py": {"executed_lines": [1, 3, 4, 6, 8, 10, 13, 14, 16, 17, 20, 21, 23, 24, 26, 30, 32, 34, 36, 38, 41, 42, 44, 51, 52, 53, 55, 66, 67, 68, 70, 71, 72, 74, 84, 85, 86, 88, 90, 97, 98, 99, 101, 108, 109, 111, 112, 113], "summary": {"covered_lines": 44, "num_statements": 44, "percent_covered": 100.0, "percent_covered_display": "100", "missing_lines": 0, "excluded_lines": 0}, "missing_lines": [], "excluded_lines": [], "functions": {"UserContext.add_message": {"executed_lines": [30], "summary": {"covered_lines": 1, "num_statements": 1, "percent_covered": 100.0, "percent_covered_display": "100", "missing_lines": 0, "excluded_lines": 0}, "missing_lines": [], "excluded_lines": []}, "UserContext.get_messages": {"executed_lines": [34], "summary": {"covered_lines": 1, "num_statements": 1, "percent_covered": 100.0, "percent_covered_display": "100", "missing_lines": 0, "excluded_lines": 0}, "missing_lines": [], "excluded_lines": []}, "UserContext.clear": {"executed_lines": [38], "summary": {"covered_lines": 1, "num_statements": 1, "percent_covered": 100.0, "percent_covered_display": "100", "missing_lines": 0, "excluded_lines": 0}, "missing_lines": [], "excluded_lines": []}, "ContextManager.__init__": {"executed_lines": [51, 52, 53], "summary": {"covered_lines": 3, "num_statements": 3, "percent_covered": 100.0, "percent_covered_display": "100", "missing_lines": 0, "excluded_lines": 0}, "missing_lines": [], "excluded_lines": []}, "ContextManager.add_message": {"executed_lines": [66, 67, 68, 70, 71, 72], "summary": {"covered_lines": 6, "num_statements": 6, "percent_covered": 100.0, "percent_covered_display": "100", "missing_lines": 0, "excluded_lines": 0}, "missing_lines": [], "excluded_lines": []}, "ContextManager.get_history": {"executed_lines": [84, 85, 86, 88], "summary": {"covered_lines": 4, "num_statements": 4, "percent_covered": 100.0, "percent_covered_display": "100", "missing_lines": 0, "excluded_lines": 0}, "missing_lines": [], "excluded_lines": []}, "ContextManager.clear_history": {"executed_lines": [97, 98, 99], "summary": {"covered_lines": 3, "num_statements": 3, "percent_covered": 100.0, "percent_covered_display": "100", "missing_lines": 0, "excluded_lines": 0}, "missing_lines": [], "excluded_lines": []}, "ContextManager._trim_history": {"executed_lines": [108, 109, 111, 112, 113], "summary": {"covered_lines": 5, "num_statements": 5, "percent_covered": 100.0, "percent_covered_display": "100", "missing_lines": 0, "excluded_lines": 0}, "missing_lines": [], "excluded_lines": []}, "": {"executed_lines": [1, 3, 4, 6, 8, 10, 13, 14, 16, 17, 20, 21, 23, 24, 26, 32, 36, 41, 42, 44, 55, 74, 90, 101], "summary": {"covered_lines": 20, "num_statements": 20, "percent_covered": 100.0, "percent_covered_display": "100", "missing_lines": 0, "excluded_lines": 0}, "missing_lines": [], "excluded_lines": []}}, "classes": {"Message": {"executed_lines": [], "summary": {"covered_lines": 0, "num_statements": 0, "percent_covered": 100.0, "percent_covered_display": "100", "missing_lines": 0, "excluded_lines": 0}, "missing_lines": [], "excluded_lines": []}, "UserContext": {"executed_lines": [30, 34, 38], "summary": {"covered_lines": 3, "num_statements": 3, "percent_covered": 100.0, "percent_covered_display": "100", "missing_lines": 0, "excluded_lines": 0}, "missing_lines": [], "excluded_lines": []}, "ContextManager": {"executed_lines": [51, 52, 53, 66, 67, 68, 70, 71, 72, 84, 85, 86, 88, 97, 98, 99, 108, 109, 111, 112, 113], "summary": {"covered_lines": 21, "num_statements": 21, "percent_covered": 100.0, "percent_covered_display": "100", "missing_lines": 0, "excluded_lines": 0}, "missing_lines": [], "excluded_lines": []}, "": {"executed_lines": [1, 3, 4, 6, 8, 10, 13, 14, 16, 17, 20, 21, 23, 24, 26, 32, 36, 41, 42, 44, 55, 74, 90, 101], "summary": {"covered_lines": 20, "num_statements": 20, "percent_covered": 100.0, "percent_covered_display": "100", "missing_lines": 0, "excluded_lines": 0}, "missing_lines": [], "excluded_lines": []}}}, "src\\handlers.py": {"executed_lines": [1, 3, 5, 7, 8, 9, 11, 14, 15, 17, 31, 32, 33, 34, 36, 43, 45, 46, 48, 56, 58, 65, 67, 68, 70, 83, 85, 92, 94, 95, 97, 99, 100, 102, 109, 111, 112, 114, 116, 118, 121, 124, 126, 128, 131, 132, 134, 135, 136, 138, 139, 143, 144], "summary": {"covered_lines": 51, "num_statements": 55, "percent_covered": 92.72727272727273, "percent_covered_display": "93", "missing_lines": 4, "excluded_lines": 0}, "missing_lines": [44, 66, 93, 110], "excluded_lines": [], "functions": {"MessageHandler.__init__": {"executed_lines": [31, 32, 33, 34], "summary": {"covered_lines": 4, "num_statements": 4, "percent_covered": 100.0, "percent_covered_display": "100", "missing_lines": 0, "excluded_lines": 0}, "missing_lines": [], "excluded_lines": []}, "MessageHandler.handle_start": {"executed_lines": [43, 45, 46, 48, 56], "summary": {"covered_lines": 5, "num_statements": 6, "percent_covered": 83.33333333333333, "percent_covered_display": "83", "missing_lines": 1, "excluded_lines": 0}, "missing_lines": [44], "excluded_lines": []}, "MessageHandler.handle_help": {"executed_lines": [65, 67, 68, 70, 83], "summary": {"covered_lines": 5, "num_statements": 6, "percent_covered": 83.33333333333333, "percent_covered_display": "83", "missing_lines": 1, "excluded_lines": 0}, "missing_lines": [66], "excluded_lines": []}, "MessageHandler.handle_reset": {"executed_lines": [92, 94, 95, 97, 99, 100], "summary": {"covered_lines": 6, "num_statements": 7, "percent_covered": 85.71428571428571, "percent_covered_display": "86", "missing_lines": 1, "excluded_lines": 0}, "missing_lines": [93], "excluded_lines": []}, "MessageHandler.handle_message": {"executed_lines": [109, 111, 112, 114, 116, 118, 121, 124, 126, 128, 131, 132, 134, 135, 136, 138, 139, 143, 144], "summary": {"covered_lines": 19, "num_statements": 20, "percent_covered": 95.0, "percent_covered_display": "95", "missing_lines": 1, "excluded_lines": 0}, "missing_lines": [110], "excluded_lines": []}, "": {"executed_lines": [1, 3, 5, 7, 8, 9, 11, 14, 15, 17, 36, 58, 85, 102], "summary": {"covered_lines": 12, "num_statements": 12, "percent_covered": 100.0, "percent_covered_display": "100", "missing_lines": 0, "excluded_lines": 0}, "missing_lines": [], "excluded_lines": []}}, "classes": {"MessageHandler": {"executed_lines": [31, 32, 33, 34, 43, 45, 46, 48, 56, 65, 67, 68, 70, 83, 92, 94, 95, 97, 99, 100, 109, 111, 112, 114, 116, 118, 121, 124, 126, 128, 131, 132, 134, 135, 136, 138, 139, 143, 144], "summary": {"covered_lines": 39, "num_statements": 43, "percent_covered": 90.69767441860465, "percent_covered_display": "91", "missing_lines": 4, "excluded_lines": 0}, "missing_lines": [44, 66, 93, 110], "excluded_lines": []}, "": {"executed_lines": [1, 3, 5, 7, 8, 9, 11, 14, 15, 17, 36, 58, 85, 102], "summary": {"covered_lines": 12, "num_statements": 12, "percent_covered": 100.0, "percent_covered_display": "100", "missing_lines": 0, "excluded_lines": 0}, "missing_lines": [], "excluded_lines": []}}}, "src\\llm\\__init__.py": {"executed_lines": [1, 3, 4, 6], "summary": {"covered_lines": 3, "num_statements": 3, "percent_covered": 100.0, "percent_covered_display": "100", "missing_lines": 0, "excluded_lines": 0}, "missing_lines": [], "excluded_lines": [], "functions": {"": {"executed_lines": [1, 3, 4, 6], "summary": {"covered_lines": 3, "num_statements": 3, "percent_covered": 100.0, "percent_covered_display": "100", "missing_lines": 0, "excluded_lines": 0}, "missing_lines": [], "excluded_lines": []}}, "classes": {"": {"executed_lines": [1, 3, 4, 6], "summary": {"covered_lines": 3, "num_statements": 3, "percent_covered": 100.0, "percent_covered_display": "100", "missing_lines": 0, "excluded_lines": 0}, "missing_lines": [], "excluded_lines": []}}}, "src\\llm\\client.py": {"executed_lines": [1, 3, 4, 6, 7, 9, 11, 14, 15, 23, 30, 33, 38, 43, 48], "summary": {"covered_lines": 13, "num_statements": 18, "percent_covered": 72.22222222222223, "percent_covered_display": "72", "missing_lines": 5, "excluded_lines": 0}, "missing_lines": [70, 76, 83, 84, 91], "excluded_lines": [], "functions": {"OpenAIClient.__init__": {"executed_lines": [30, 33, 38, 43], "summary": {"covered_lines": 4, "num_statements": 4, "percent_covered": 100.0, "percent_covered_display": "100", "missing_lines": 0, "excluded_lines": 0}, "missing_lines": [], "excluded_lines": []}, "OpenAIClient.create_completion": {"executed_lines": [], "summary": {"covered_lines": 0, "num_statements": 5, "percent_covered": 0.0, "percent_covered_display": "0", "missing_lines": 5, "excluded_lines": 0}, "missing_lines": [70, 76, 83, 84, 91], "excluded_lines": []}, "": {"executed_lines": [1, 3, 4, 6, 7, 9, 11, 14, 15, 23, 48], "summary": {"covered_lines": 9, "num_statements": 9, "percent_covered": 100.0, "percent_covered_display": "100", "missing_lines": 0, "excluded_lines": 0}, "missing_lines": [], "excluded_lines": []}}, "classes": {"OpenAIClient": {"executed_lines": [30, 33, 38, 43], "summary": {"covered_lines": 4, "num_statements": 9, "percent_covered": 44.44444444444444, "percent_covered_display": "44", "missing_lines": 5, "excluded_lines": 0}, "missing_lines": [70, 76, 83, 84, 91], "excluded_lines": []}, "": {"executed_lines": [1, 3, 4, 6, 7, 9, 11, 14, 15, 23, 48], "summary": {"covered_lines": 9, "num_statements": 9, "percent_covered": 100.0, "percent_covered_display": "100", "missing_lines": 0, "excluded_lines": 0}, "missing_lines": [], "excluded_lines": []}}}, "src\\llm\\orchestrator.py": {"executed_lines": [1, 3, 4, 5, 7, 8, 9, 10, 12, 15, 16, 26, 40, 41, 42, 44, 46, 53, 55, 66, 69, 70, 71, 72, 73, 75, 76, 78, 92, 94, 99, 100, 102, 105, 106, 109, 110, 115, 120, 123, 124, 125, 126, 130, 142, 151, 152, 153, 156, 172, 173, 176, 190, 191, 192], "summary": {"covered_lines": 53, "num_statements": 61, "percent_covered": 86.88524590163935, "percent_covered_display": "87", "missing_lines": 8, "excluded_lines": 0}, "missing_lines": [157, 158, 161, 166, 167, 170, 185, 188], "excluded_lines": [], "functions": {"ToolOrchestrator.__init__": {"executed_lines": [40, 41, 42, 44], "summary": {"covered_lines": 4, "num_statements": 4, "percent_covered": 100.0, "percent_covered_display": "100", "missing_lines": 0, "excluded_lines": 0}, "missing_lines": [], "excluded_lines": []}, "ToolOrchestrator._get_tools_schema": {"executed_lines": [53], "summary": {"covered_lines": 1, "num_statements": 1, "percent_covered": 100.0, "percent_covered_display": "100", "missing_lines": 0, "excluded_lines": 0}, "missing_lines": [], "excluded_lines": []}, "ToolOrchestrator._execute_tool": {"executed_lines": [66, 69, 70, 71, 72, 73, 75, 76], "summary": {"covered_lines": 8, "num_statements": 8, "percent_covered": 100.0, "percent_covered_display": "100", "missing_lines": 0, "excluded_lines": 0}, "missing_lines": [], "excluded_lines": []}, "ToolOrchestrator.process_with_tools": {"executed_lines": [92, 94, 99, 100, 102, 105, 106, 109, 110, 115, 120, 123, 124, 125, 126, 130, 142, 151, 152, 153, 156, 172, 173, 176, 190, 191, 192], "summary": {"covered_lines": 27, "num_statements": 35, "percent_covered": 77.14285714285714, "percent_covered_display": "77", "missing_lines": 8, "excluded_lines": 0}, "missing_lines": [157, 158, 161, 166, 167, 170, 185, 188], "excluded_lines": []}, "": {"executed_lines": [1, 3, 4, 5, 7, 8, 9, 10, 12, 15, 16, 26, 46, 55, 78], "summary": {"covered_lines": 13, "num_statements": 13, "percent_covered": 100.0, "percent_covered_display": "100", "missing_lines": 0, "excluded_lines": 0}, "missing_lines": [], "excluded_lines": []}}, "classes": {"ToolOrchestrator": {"executed_lines": [40, 41, 42, 44, 53, 66, 69, 70, 71, 72, 73, 75, 76, 92, 94, 99, 100, 102, 105, 106, 109, 110, 115, 120, 123, 124, 125, 126, 130, 142, 151, 152, 153, 156, 172, 173, 176, 190, 191, 192], "summary": {"covered_lines": 40, "num_statements": 48, "percent_covered": 83.33333333333333, "percent_covered_display": "83", "missing_lines": 8, "excluded_lines": 0}, "missing_lines": [157, 158, 161, 166, 167, 170, 185, 188], "excluded_lines": []}, "": {"executed_lines": [1, 3, 4, 5, 7, 8, 9, 10, 12, 15, 16, 26, 46, 55, 78], "summary": {"covered_lines": 13, "num_statements": 13, "percent_covered": 100.0, "percent_covered_display": "100", "missing_lines": 0, "excluded_lines": 0}, "missing_lines": [], "excluded_lines": []}}}, "src\\llm_client.py": {"executed_lines": [1, 3, 5, 6, 7, 8, 10, 13, 14, 22, 34, 35, 38, 39, 45, 50, 57, 63, 79], "summary": {"covered_lines": 17, "num_statements": 17, "percent_covered": 100.0, "percent_covered_display": "100", "missing_lines": 0, "excluded_lines": 0}, "missing_lines": [], "excluded_lines": [], "functions": {"LLMClient.__init__": {"executed_lines": [34, 35, 38, 39, 45], "summary": {"covered_lines": 5, "num_statements": 5, "percent_covered": 100.0, "percent_covered_display": "100", "missing_lines": 0, "excluded_lines": 0}, "missing_lines": [], "excluded_lines": []}, "LLMClient._get_default_tools": {"executed_lines": [57], "summary": {"covered_lines": 1, "num_statements": 1, "percent_covered": 100.0, "percent_covered_display": "100", "missing_lines": 0, "excluded_lines": 0}, "missing_lines": [], "excluded_lines": []}, "LLMClient.get_response": {"executed_lines": [79], "summary": {"covered_lines": 1, "num_statements": 1, "percent_covered": 100.0, "percent_covered_display": "100", "missing_lines": 0, "excluded_lines": 0}, "missing_lines": [], "excluded_lines": []}, "": {"executed_lines": [1, 3, 5, 6, 7, 8, 10, 13, 14, 22, 50, 63], "summary": {"covered_lines": 10, "num_statements": 10, "percent_covered": 100.0, "percent_covered_display": "100", "missing_lines": 0, "excluded_lines": 0}, "missing_lines": [], "excluded_lines": []}}, "classes": {"LLMClient": {"executed_lines": [34, 35, 38, 39, 45, 57, 79], "summary": {"covered_lines": 7, "num_statements": 7, "percent_covered": 100.0, "percent_covered_display": "100", "missing_lines": 0, "excluded_lines": 0}, "missing_lines": [], "excluded_lines": []}, "": {"executed_lines": [1, 3, 5, 6, 7, 8, 10, 13, 14, 22, 50, 63], "summary": {"covered_lines": 10, "num_statements": 10, "percent_covered": 100.0, "percent_covered_display": "100", "missing_lines": 0, "excluded_lines": 0}, "missing_lines": [], "excluded_lines": []}}}, "src\\main.py": {"executed_lines": [], "summary": {"covered_lines": 0, "num_statements": 29, "percent_covered": 0.0, "percent_covered_display": "0", "missing_lines": 29, "excluded_lines": 8}, "missing_lines": [3, 4, 5, 7, 8, 9, 10, 11, 13, 16, 23, 24, 26, 34, 35, 36, 37, 40, 43, 44, 47, 49, 50, 51, 54, 55, 56, 59, 60], "excluded_lines": [63, 64, 65, 66, 67, 68, 69, 70], "functions": {"setup_logging": {"executed_lines": [], "summary": {"covered_lines": 0, "num_statements": 7, "percent_covered": 0.0, "percent_covered_display": "0", "missing_lines": 7, "excluded_lines": 0}, "missing_lines": [23, 24, 26, 34, 35, 36, 37], "excluded_lines": []}, "main": {"executed_lines": [], "summary": {"covered_lines": 0, "num_statements": 11, "percent_covered": 0.0, "percent_covered_display": "0", "missing_lines": 11, "excluded_lines": 0}, "missing_lines": [43, 44, 47, 49, 50, 51, 54, 55, 56, 59, 60], "excluded_lines": []}, "": {"executed_lines": [], "summary": {"covered_lines": 0, "num_statements": 11, "percent_covered": 0.0, "percent_covered_display": "0", "missing_lines": 11, "excluded_lines": 8}, "missing_lines": [3, 4, 5, 7, 8, 9, 10, 11, 13, 16, 40], "excluded_lines": [63, 64, 65, 66, 67, 68, 69, 70]}}, "classes": {"": {"executed_lines": [], "summary": {"covered_lines": 0, "num_statements": 29, "percent_covered": 0.0, "percent_covered_display": "0", "missing_lines": 29, "excluded_lines": 8}, "missing_lines": [3, 4, 5, 7, 8, 9, 10, 11, 13, 16, 23, 24, 26, 34, 35, 36, 37, 40, 43, 44, 47, 49, 50, 51, 54, 55, 56, 59, 60], "excluded_lines": [63, 64, 65, 66, 67, 68, 69, 70]}}}, "src\\tools\\__init__.py": {"executed_lines": [1, 3, 4, 5, 6, 8], "summary": {"covered_lines": 5, "num_statements": 5, "percent_covered": 100.0, "percent_covered_display": "100", "missing_lines": 0, "excluded_lines": 0}, "missing_lines": [], "excluded_lines": [], "functions": {"": {"executed_lines": [1, 3, 4, 5, 6, 8], "summary": {"covered_lines": 5, "num_statements": 5, "percent_covered": 100.0, "percent_covered_display": "100", "missing_lines": 0, "excluded_lines": 0}, "missing_lines": [], "excluded_lines": []}}, "classes": {"": {"executed_lines": [1, 3, 4, 5, 6, 8], "summary": {"covered_lines": 5, "num_statements": 5, "percent_covered": 100.0, "percent_covered_display": "100", "missing_lines": 0, "excluded_lines": 0}, "missing_lines": [], "excluded_lines": []}}}, "src\\tools\\base.py": {"executed_lines": [1, 3, 6, 7, 8, 15, 32], "summary": {"covered_lines": 5, "num_statements": 7, "percent_covered": 71.42857142857143, "percent_covered_display": "71", "missing_lines": 2, "excluded_lines": 0}, "missing_lines": [30, 42], "excluded_lines": [], "functions": {"Tool.get_schema": {"executed_lines": [], "summary": {"covered_lines": 0, "num_statements": 1, "percent_covered": 0.0, "percent_covered_display": "0", "missing_lines": 1, "excluded_lines": 0}, "missing_lines": [30], "excluded_lines": []}, "Tool.execute": {"executed_lines": [], "summary": {"covered_lines": 0, "num_statements": 1, "percent_covered": 0.0, "percent_covered_display": "0", "missing_lines": 1, "excluded_lines": 0}, "missing_lines": [42], "excluded_lines": []}, "": {"executed_lines": [1, 3, 6, 7, 8, 15, 32], "summary": {"covered_lines": 5, "num_statements": 5, "percent_covered": 100.0, "percent_covered_display": "100", "missing_lines": 0, "excluded_lines": 0}, "missing_lines": [], "excluded_lines": []}}, "classes": {"Tool": {"executed_lines": [], "summary": {"covered_lines": 0, "num_statements": 2, "percent_covered": 0.0, "percent_covered_display": "0", "missing_lines": 2, "excluded_lines": 0}, "missing_lines": [30, 42], "excluded_lines": []}, "": {"executed_lines": [1, 3, 6, 7, 8, 15, 32], "summary": {"covered_lines": 5, "num_statements": 5, "percent_covered": 100.0, "percent_covered_display": "100", "missing_lines": 0, "excluded_lines": 0}, "missing_lines": [], "excluded_lines": []}}}, "src\\tools\\datetime.py": {"executed_lines": [1, 3, 4, 5, 7, 9, 12, 13, 15, 17, 19, 26, 51, 65, 87, 89, 90, 91, 92, 93, 96, 99, 109, 110, 111, 112, 114, 116, 117], "summary": {"covered_lines": 27, "num_statements": 33, "percent_covered": 81.81818181818181, "percent_covered_display": "82", "missing_lines": 6, "excluded_lines": 0}, "missing_lines": [61, 62, 63, 119, 120, 121], "excluded_lines": [], "functions": {"DateTimeTool.__init__": {"executed_lines": [17], "summary": {"covered_lines": 1, "num_statements": 1, "percent_covered": 100.0, "percent_covered_display": "100", "missing_lines": 0, "excluded_lines": 0}, "missing_lines": [], "excluded_lines": []}, "DateTimeTool.get_schema": {"executed_lines": [26], "summary": {"covered_lines": 1, "num_statements": 1, "percent_covered": 100.0, "percent_covered_display": "100", "missing_lines": 0, "excluded_lines": 0}, "missing_lines": [], "excluded_lines": []}, "DateTimeTool.execute": {"executed_lines": [], "summary": {"covered_lines": 0, "num_statements": 3, "percent_covered": 0.0, "percent_covered_display": "0", "missing_lines": 3, "excluded_lines": 0}, "missing_lines": [61, 62, 63], "excluded_lines": []}, "DateTimeTool.get_current_datetime": {"executed_lines": [87, 89, 90, 91, 92, 93, 96, 99, 109, 110, 111, 112, 114, 116, 117], "summary": {"covered_lines": 15, "num_statements": 18, "percent_covered": 83.33333333333333, "percent_covered_display": "83", "missing_lines": 3, "excluded_lines": 0}, "missing_lines": [119, 120, 121], "excluded_lines": []}, "": {"executed_lines": [1, 3, 4, 5, 7, 9, 12, 13, 15, 19, 51, 65], "summary": {"covered_lines": 10, "num_statements": 10, "percent_covered": 100.0, "percent_covered_display": "100", "missing_lines": 0, "excluded_lines": 0}, "missing_lines": [], "excluded_lines": []}}, "classes": {"DateTimeTool": {"executed_lines": [17, 26, 87, 89, 90, 91, 92, 93, 96, 99, 109, 110, 111, 112, 114, 116, 117], "summary": {"covered_lines": 17, "num_statements": 23, "percent_covered": 73.91304347826087, "percent_covered_display": "74", "missing_lines": 6, "excluded_lines": 0}, "missing_lines": [61, 62, 63, 119, 120, 121], "excluded_lines": []}, "": {"executed_lines": [1, 3, 4, 5, 7, 9, 12, 13, 15, 19, 51, 65], "summary": {"covered_lines": 10, "num_statements": 10, "percent_covered": 100.0, "percent_covered_display": "100", "missing_lines": 0, "excluded_lines": 0}, "missing_lines": [], "excluded_lines": []}}}, "src\\tools\\websearch.py": {"executed_lines": [1, 3, 4, 6, 8, 10, 13, 14, 16, 23, 24, 25, 27, 34, 59, 73, 88, 90, 91, 94, 96, 99, 100, 101, 102, 104, 105, 106, 107, 110, 111, 113, 114, 116, 117, 118, 119, 120, 122, 123, 124, 126, 130, 133, 134, 136, 138], "summary": {"covered_lines": 45, "num_statements": 54, "percent_covered": 83.33333333333333, "percent_covered_display": "83", "missing_lines": 9, "excluded_lines": 0}, "missing_lines": [69, 70, 71, 115, 127, 128, 140, 141, 142], "excluded_lines": [], "functions": {"WebSearchTool.__init__": {"executed_lines": [23, 24, 25], "summary": {"covered_lines": 3, "num_statements": 3, "percent_covered": 100.0, "percent_covered_display": "100", "missing_lines": 0, "excluded_lines": 0}, "missing_lines": [], "excluded_lines": []}, "WebSearchTool.get_schema": {"executed_lines": [34], "summary": {"covered_lines": 1, "num_statements": 1, "percent_covered": 100.0, "percent_covered_display": "100", "missing_lines": 0, "excluded_lines": 0}, "missing_lines": [], "excluded_lines": []}, "WebSearchTool.execute": {"executed_lines": [], "summary": {"covered_lines": 0, "num_statements": 3, "percent_covered": 0.0, "percent_covered_display": "0", "missing_lines": 3, "excluded_lines": 0}, "missing_lines": [69, 70, 71], "excluded_lines": []}, "WebSearchTool.search": {"executed_lines": [88, 90, 91, 94, 96, 99, 100, 101, 102, 104, 105, 106, 107, 110, 111, 113, 114, 116, 117, 118, 119, 120, 122, 123, 124, 126, 130, 133, 134, 136, 138], "summary": {"covered_lines": 31, "num_statements": 37, "percent_covered": 83.78378378378379, "percent_covered_display": "84", "missing_lines": 6, "excluded_lines": 0}, "missing_lines": [115, 127, 128, 140, 141, 142], "excluded_lines": []}, "": {"executed_lines": [1, 3, 4, 6, 8, 10, 13, 14, 16, 27, 59, 73], "summary": {"covered_lines": 10, "num_statements": 10, "percent_covered": 100.0, "percent_covered_display": "100", "missing_lines": 0, "excluded_lines": 0}, "missing_lines": [], "excluded_lines": []}}, "classes": {"WebSearchTool": {"executed_lines": [23, 24, 25, 34, 88, 90, 91, 94, 96, 99, 100, 101, 102, 104, 105, 106, 107, 110, 111, 113, 114, 116, 117, 118, 119, 120, 122, 123, 124, 126, 130, 133, 134, 136, 138], "summary": {"covered_lines": 35, "num_statements": 44, "percent_covered": 79.54545454545455, "percent_covered_display": "80", "missing_lines": 9, "excluded_lines": 0}, "missing_lines": [69, 70, 71, 115, 127, 128, 140, 141, 142], "excluded_lines": []}, "": {"executed_lines": [1, 3, 4, 6, 8, 10, 13, 14, 16, 27, 59, 73], "summary": {"covered_lines": 10, "num_statements": 10, "percent_covered": 100.0, "percent_covered_display": "100", "missing_lines": 0, "excluded_lines": 0}, "missing_lines": [], "excluded_lines": []}}}, "src\\tools\\wikipedia.py": {"executed_lines": [1, 3, 4, 6, 8, 10, 13, 14, 16, 23, 24, 26, 30, 34, 36, 43, 67, 77, 78, 79, 81, 92, 94, 95, 96, 98, 99, 100, 103, 104, 106, 107, 109, 110, 111], "summary": {"covered_lines": 33, "num_statements": 36, "percent_covered": 91.66666666666667, "percent_covered_display": "92", "missing_lines": 3, "excluded_lines": 0}, "missing_lines": [113, 114, 115], "excluded_lines": [], "functions": {"WikipediaTool.__init__": {"executed_lines": [23, 24, 26, 30, 34], "summary": {"covered_lines": 5, "num_statements": 5, "percent_covered": 100.0, "percent_covered_display": "100", "missing_lines": 0, "excluded_lines": 0}, "missing_lines": [], "excluded_lines": []}, "WikipediaTool.get_schema": {"executed_lines": [43], "summary": {"covered_lines": 1, "num_statements": 1, "percent_covered": 100.0, "percent_covered_display": "100", "missing_lines": 0, "excluded_lines": 0}, "missing_lines": [], "excluded_lines": []}, "WikipediaTool.execute": {"executed_lines": [77, 78, 79], "summary": {"covered_lines": 3, "num_statements": 3, "percent_covered": 100.0, "percent_covered_display": "100", "missing_lines": 0, "excluded_lines": 0}, "missing_lines": [], "excluded_lines": []}, "WikipediaTool.search": {"executed_lines": [92, 94, 95, 96, 98, 99, 100, 103, 104, 106, 107, 109, 110, 111], "summary": {"covered_lines": 14, "num_statements": 17, "percent_covered": 82.3529411764706, "percent_covered_display": "82", "missing_lines": 3, "excluded_lines": 0}, "missing_lines": [113, 114, 115], "excluded_lines": []}, "": {"executed_lines": [1, 3, 4, 6, 8, 10, 13, 14, 16, 36, 67, 81], "summary": {"covered_lines": 10, "num_statements": 10, "percent_covered": 100.0, "percent_covered_display": "100", "missing_lines": 0, "excluded_lines": 0}, "missing_lines": [], "excluded_lines": []}}, "classes": {"WikipediaTool": {"executed_lines": [23, 24, 26, 30, 34, 43, 77, 78, 79, 92, 94, 95, 96, 98, 99, 100, 103, 104, 106, 107, 109, 110, 111], "summary": {"covered_lines": 23, "num_statements": 26, "percent_covered": 88.46153846153847, "percent_covered_display": "88", "missing_lines": 3, "excluded_lines": 0}, "missing_lines": [113, 114, 115], "excluded_lines": []}, "": {"executed_lines": [1, 3, 4, 6, 8, 10, 13, 14, 16, 36, 67, 81], "summary": {"covered_lines": 10, "num_statements": 10, "percent_covered": 100.0, "percent_covered_display": "100", "missing_lines": 0, "excluded_lines": 0}, "missing_lines": [], "excluded_lines": []}}}}, "totals": {"covered_lines": 341, "num_statements": 437, "percent_covered": 78.03203661327231, "percent_covered_display": "78", "missing_lines": 96, "excluded_lines": 8}}